android/app/build/outputs/mapping/release/seeds.txt
com.example.shopping.MainActivity
com.example.shopping.MainActivity: MainActivity()
...
com.google.android.recaptcha.internal.zzqc: java.lang.String zze(java.lang.String,byte[],com.google.android.recaptcha.internal.zzqd)
androidx.core.view.WindowInsetsCompat$BuilderImpl29: void setTappableElementInsets(androidx.core.graphics.Insets)
com.google.android.gms.internal.firebase-auth-api.zzey: zzey()
com.google.android.gms.internal.firebase-auth-api.zzakg: int zzd(int,int)
com.google.firebase.database.core.operation.Operation$OperationType: com.google.firebase.database.core.operation.Operation$OperationType valueOf(java.lang.String)
io.flutter.embedding.engine.FlutterJNI: void setDeferredComponentManager(io.flutter.embedding.engine.deferredcomponents.DeferredComponentManager)
com.google.android.gms.internal.firebase-auth-api.zzyz: java.security.interfaces.ECPrivateKey zza(com.google.android.gms.internal.firebase-auth-api.zzzc,byte[])
androidx.media.AudioAttributesImplBaseParcelizer: AudioAttributesImplBaseParcelizer()
com.google.android.recaptcha.internal.zzoc: int zzf(java.lang.Object)
com.google.android.gms.internal.measurement.zznk: com.google.android.gms.internal.measurement.zznk zzaV(byte[],com.google.android.gms.internal.measurement.zzlq)
com.google.android.gms.internal.fido.zzdg: java.lang.String zza(com.google.android.gms.internal.fido.zzcz)
com.google.android.gms.common.internal.GmsClient: java.util.Set validateScopes(java.util.Set)
com.google.android.gms.internal.firebase-auth-api.zzakg: void zzc(int,com.google.android.gms.internal.firebase-auth-api.zzamc,com.google.android.gms.internal.firebase-auth-api.zzamv)
com.google.android.recaptcha.internal.zzeb: java.lang.Object invoke(java.lang.Object,java.lang.Object)
com.google.android.gms.internal.firebase-auth-api.zzxu: zzxu(java.lang.String,int,int)
com.google.android.gms.internal.firebase-auth-api.zzyn: byte[] zza(byte[])
com.google.android.gms.measurement.internal.zzod: com.google.android.gms.measurement.internal.zzod[] values()
com.google.android.gms.internal.firebase-auth-api.zzakb: long zzk()
com.google.android.recaptcha.internal.zzpy: void zzk(int,int)
com.google.android.gms.internal.firebase-auth-api.zzho: zzho()
com.google.android.gms.internal.firebase-auth-api.zzamg: int zza(int,int)
com.google.android.recaptcha.internal.zzlk: void zzg(int)
kotlin.coroutines.jvm.internal.BaseContinuationImpl: kotlin.coroutines.Continuation getCompletion()
com.google.android.gms.common.server.response.FastJsonResponse: void zat(com.google.android.gms.common.server.response.FastJsonResponse$Field,java.lang.String,java.util.ArrayList)
com.google.android.gms.internal.firebase-auth-api.zzamg: boolean zzc(java.lang.Object,int)
com.google.android.recaptcha.internal.zzmv: boolean equals(java.lang.Object)
com.google.android.recaptcha.internal.zzgx: void zza(int,com.google.android.recaptcha.internal.zzgd,com.google.android.recaptcha.internal.zzue[])
com.google.android.gms.internal.firebase-auth-api.zzaz: void add(java.lang.Object)
com.google.android.gms.internal.measurement.zzaz: int compare(java.lang.Object,java.lang.Object)
androidx.core.content.ContextCompat: int checkSelfPermission(android.content.Context,java.lang.String)
com.google.android.gms.internal.common.zzak: int lastIndexOf(java.lang.Object)
com.google.android.recaptcha.internal.zzna: zzna()
com.google.android.gms.common.api.GoogleApi: com.google.android.gms.common.api.internal.zact zac(android.content.Context,android.os.Handler)
com.google.android.gms.internal.measurement.zzic: com.google.android.gms.internal.measurement.zzic zzt()
com.google.android.gms.internal.firebase-auth-api.zzamk: java.lang.Object zza(java.lang.Object)
com.facebook.appevents.codeless.internal.EventBinding$ActionType: com.facebook.appevents.codeless.internal.EventBinding$ActionType[] values()
com.google.android.gms.internal.measurement.zzlf: int zzd()
com.google.android.gms.internal.measurement.zzny: void zzb(int,java.util.List,com.google.android.gms.internal.measurement.zzou,boolean)
com.google.android.recaptcha.internal.zzlc: int zzc()